()
552
***
557
583
***
595
***
608
()
95
111
139
169
185
198
215
228
245
258
270
291
312
***
364
389
***
446
482
()
84
***
222
251
292
304
316
***
354
***
397
444
461
494
526
556
599
620
643
()
81
135
173
***
232
261
294
***
332
355
***
395
409
()
69
85
115
149
165
188
205
218
***
313
***
390
448
***
488
534
***
543
***
562
588
()
67
123
***
187
234
***
339
386
()
66
117
***
199
220
***
264
***
340
387
440
***
493
512
536
549
564
582
***
627
()
64
***
145
168
***
247
284
***
361
415
460
519
546
573
597
618
634
()
61
***
97
***
253
300
347
***
436
***
505
()
57
106
157
***
214
***
283
***
351
380
410
431
***
501
533
***
593
621
644
()
56
72
***
120
167
203
***
315
***
366
***
447
467
487
511
527
539
554
592
607
()
55
***
132
176
224
***
307
345
()
54
***
131
***
239
***
276
337
392
449
500
()
53
***
119
166
204
246
***
309
346
***
420
***
481
502
518
***
544
581
***
591
632
()
52
***
113
134
158
170
***
230
***
281
303
***
356
370
383
***
411
456
469
***
495
525
569
596
616
***
637
()
50
***
100
***
141
***
213
256
298
***
378
***
412
***
450
***
489
529
563
606
***
636
()
48
68
122
***
193
***
320
***
357
381
405
430
452
478
498
521
***
565
***
568
***
584
601
615
()
46
109
153
197
233
277
***
368
398
***
454
***
484
515
548
***
572
598
***
609
638
()
45
***
118
161
192
221
252
***
318
333
***
375
***
419
441
466
***
503
523
547
560
574
***
587
()
42
90
***
206
254
301
362
417
473
520
575
***
579
605
***
635
()
41
60
82
98
128
159
175
***
376
423
457
***
486
540
585
624
()
39
77
***
240
***
293
317
***
365
***
468
480
492
516
545
***
617
642
()
36
43
***
92
130
162
191
***
242
271
308
***
350
()
33
***
79
***
219
235
248
260
***
352
400
453
496
()
31
65
105
151
***
229
255
268
286
***
341
***
384
407
429
***
458
479
508
530
***
541
558
570
***
577
602
628
641
()
29
***
88
***
156
194
***
259
275
290
305
330
***
379
***
439
()
28
71
133
177
223
267
324
***
399
451
517
553
***
561
604
630
()
26
***
73
***
125
155
178
190
***
237
274
327
***
433
***
485
532
***
571
619
()
24
40
***
101
138
***
210
***
288
336
***
404
462
528
***
590
603
***
614
631
()
23
51
89
***
146
184
226
263
314
***
388
435
472
504
()
22
***
76
***
116
***
172
201
***
289
306
***
359
401
***
506
535
559
586
623
639
()
20
***
75
99
121
148
160
189
***
231
262
295
335
385
421
()
19
***
62
86
108
137
***
182
***
266
325
377
424
476
()
18
44
***
124
150
179
195
208
***
257
297
353
***
406
***
442
470
491
524
551
***
625
640
646
()
17
***
63
***
114
127
142
***
211
***
321
***
408
426
471
***
510
555
600
626
()
16
34
***
112
126
***
217
***
326
***
373
394
416
()
14
37
94
***
163
207
244
***
310
360
413
***
465
513
550
***
580
594
610
622
()
13
30
***
96
154
***
249
265
278
***
322
***
367
***
418
434
455
475
***
499
()
12
47
103
***
180
***
250
***
329
***
372
***
428
***
463
507
542
567
611
***
633
()
11
***
78
129
***
171
202
***
285
***
363
***
437
()
10
***
59
***
107
***
196
243
***
311
***
391
***
425
477
522
***
612
***
645
()
9
35
83
***
152
181
212
***
279
***
331
349
***
414
459
***
483
538
566
589
613
629
()
8
25
***
93
***
200
***
280
296
334
371
***
403
***
432
445
***
509
537
***
576
()
7
***
70
***
144
186
***
269
299
***
343
358
()
6
***
49
***
104
140
***
174
216
***
302
319
342
***
393
422
443
464
490
514
531
***
578
()
5
***
74
87
102
***
143
***
282
323
***
402
()
4
32
80
136
***
209
225
238
***
287
348
()
3
15
38
***
110
164
***
241
272
***
344
369
***
438
()
2
27
***
91
147
183
227
***
338
***
382
396
()
1
21
58
***
236
273
328
374
***
427
474
***
497
